<?xml version="1.0" encoding="UTF-8"?>
<!-- Generated by org.testng.reporters.JUnitXMLReporter -->
<testsuite hostname="MAVBCP139" ignored="0" name="Parameter Scenario" tests="4" failures="0" timestamp="2020-07-03T10:32:49 IST" time="0.181" errors="0">
  <testcase name="add" time="0.064" classname="calculatorTest.ParameterClass"/>
  <testcase name="div" time="0.003" classname="calculatorTest.ParameterClass"/>
  <testcase name="mul" time="0.006" classname="calculatorTest.ParameterClass"/>
  <testcase name="sub" time="0.003" classname="calculatorTest.ParameterClass"/>
</testsuite> <!-- Parameter Scenario -->
